<?xml version="1.0" encoding="UTF-8"?>
<!-- Generated by org.testng.reporters.JUnitReportReporter -->
<testsuite skipped="0" hostname="Madesh" name="Testng1.anotherway" tests="1" failures="0" timestamp="06 Oct 2022 20:13:43 GMT" time="3.320" errors="0">
  <testcase name="abc" time="3.320" classname="Testng1.anotherway"/>
</testsuite> <!-- Testng1.anotherway -->
