<?xml version="1.0" encoding="UTF-8"?>
<!-- Generated by org.testng.reporters.JUnitReportReporter -->
<testsuite skipped="0" hostname="Madesh" name="Testng1.testng1" tests="1" failures="0" timestamp="09 Oct 2022 01:33:12 GMT" time="2.629" errors="0">
  <testcase name="login" time="2.629" classname="Testng1.testng1"/>
</testsuite> <!-- Testng1.testng1 -->
