<?xml version="1.0" encoding="UTF-8"?>
<!-- Generated by org.testng.reporters.JUnitReportReporter -->
<testsuite skipped="0" hostname="Madesh" name="Testng1.testing" tests="2" failures="0" timestamp="08 Oct 2022 16:51:22 GMT" time="0.007" errors="0">
  <testcase name="e" time="0.006" classname="Testng1.testing"/>
  <testcase name="f" time="0.001" classname="Testng1.testing"/>
</testsuite> <!-- Testng1.testing -->
